
> api@0.1.0 dev
> next dev

▲ Next.js 16.1.1 (Turbopack)
- Local:         http://localhost:3000
- Network:       http://172.22.176.1:3000
- Environments: .env.local

✓ Starting...
✓ Ready in 665ms
⨯ Error: Please define the MONGODB_URI environment variable inside .env.local
    at module evaluation (lib\db.ts:6:9)
    at module evaluation (app\api\auth\register\route.ts:2:1)
    at Object.<anonymous> (D:\Projects\SamsaraForge\api\.next\dev\server\app\api\auth\register\route.js:5:3)
  4 |
  5 | if (!MONGODB_URI) {
> 6 |   throw new Error(
    |         ^
  7 |     'Please define the MONGODB_URI environment variable inside .env.local'
  8 |   );
  9 | } {
  page: '/api/auth/register'
}
 POST /api/auth/register 500 in 738ms (compile: 623ms, render: 115ms)
